<?xml version="1.0" encoding="UTF-8"?>
<coverage generated="1611200004350" clover="3.2.0">
  <project timestamp="1611200004350" name="All files">
    <metrics statements="21" coveredstatements="14" conditionals="2" coveredconditionals="1" methods="11" coveredmethods="4" elements="34" coveredelements="19" complexity="0" loc="21" ncloc="21" packages="1" files="2" classes="2"/>
    <file name="App.jsx" path="/Users/jaydkumar/HackReactor/hrsf132-front-end-capstone/src/components/App.jsx">
      <metrics statements="12" coveredstatements="8" conditionals="2" coveredconditionals="1" methods="8" coveredmethods="4"/>
      <line num="5" count="1" type="stmt"/>
      <line num="9" count="2" type="stmt"/>
      <line num="10" count="2" type="stmt"/>
      <line num="18" count="2" type="stmt"/>
      <line num="22" count="2" type="stmt"/>
      <line num="24" count="2" type="stmt"/>
      <line num="26" count="0" type="stmt"/>
      <line num="29" count="0" type="stmt"/>
      <line num="32" count="2" type="stmt"/>
      <line num="34" count="0" type="stmt"/>
      <line num="40" count="0" type="stmt"/>
      <line num="45" count="2" type="stmt"/>
    </file>
    <file name="HomePage.jsx" path="/Users/jaydkumar/HackReactor/hrsf132-front-end-capstone/src/components/HomePage.jsx">
      <metrics statements="9" coveredstatements="6" conditionals="0" coveredconditionals="0" methods="3" coveredmethods="0"/>
      <line num="4" count="1" type="stmt"/>
      <line num="11" count="1" type="stmt"/>
      <line num="18" count="1" type="stmt"/>
      <line num="25" count="1" type="stmt"/>
      <line num="31" count="1" type="stmt"/>
      <line num="41" count="1" type="stmt"/>
      <line num="42" count="0" type="stmt"/>
      <line num="51" count="0" type="stmt"/>
      <line num="71" count="0" type="stmt"/>
    </file>
  </project>
</coverage>
