{"/Users/jaydkumar/HackReactor/hrsf132-front-end-capstone/src/components/App.jsx": {"path":"/Users/jaydkumar/HackReactor/hrsf132-front-end-capstone/src/components/App.jsx","statementMap":{"0":{"start":{"line":5,"column":14},"end":{"line":5,"column":30}},"1":{"start":{"line":9,"column":4},"end":{"line":9,"column":17}},"2":{"start":{"line":10,"column":4},"end":{"line":14,"column":6}},"3":{"start":{"line":18,"column":4},"end":{"line":18,"column":23}},"4":{"start":{"line":22,"column":23},"end":{"line":22,"column":54}},"5":{"start":{"line":24,"column":4},"end":{"line":30,"column":9}},"6":{"start":{"line":26,"column":8},"end":{"line":26,"column":51}},"7":{"start":{"line":29,"column":8},"end":{"line":29,"column":27}},"8":{"start":{"line":32,"column":4},"end":{"line":41,"column":9}},"9":{"start":{"line":34,"column":8},"end":{"line":37,"column":11}},"10":{"start":{"line":40,"column":8},"end":{"line":40,"column":27}},"11":{"start":{"line":45,"column":4},"end":{"line":52,"column":6}}},"fnMap":{"0":{"name":"(anonymous_0)","decl":{"start":{"line":8,"column":2},"end":{"line":8,"column":3}},"loc":{"start":{"line":8,"column":21},"end":{"line":15,"column":3}},"line":8},"1":{"name":"(anonymous_1)","decl":{"start":{"line":17,"column":2},"end":{"line":17,"column":3}},"loc":{"start":{"line":17,"column":22},"end":{"line":19,"column":3}},"line":17},"2":{"name":"(anonymous_2)","decl":{"start":{"line":21,"column":2},"end":{"line":21,"column":3}},"loc":{"start":{"line":21,"column":16},"end":{"line":42,"column":3}},"line":21},"3":{"name":"(anonymous_3)","decl":{"start":{"line":25,"column":12},"end":{"line":25,"column":13}},"loc":{"start":{"line":25,"column":26},"end":{"line":27,"column":7}},"line":25},"4":{"name":"(anonymous_4)","decl":{"start":{"line":28,"column":13},"end":{"line":28,"column":14}},"loc":{"start":{"line":28,"column":24},"end":{"line":30,"column":7}},"line":28},"5":{"name":"(anonymous_5)","decl":{"start":{"line":33,"column":12},"end":{"line":33,"column":13}},"loc":{"start":{"line":33,"column":26},"end":{"line":38,"column":7}},"line":33},"6":{"name":"(anonymous_6)","decl":{"start":{"line":39,"column":13},"end":{"line":39,"column":14}},"loc":{"start":{"line":39,"column":24},"end":{"line":41,"column":7}},"line":39},"7":{"name":"(anonymous_7)","decl":{"start":{"line":44,"column":2},"end":{"line":44,"column":3}},"loc":{"start":{"line":44,"column":11},"end":{"line":53,"column":3}},"line":44}},"branchMap":{"0":{"loc":{"start":{"line":48,"column":10},"end":{"line":49,"column":56}},"type":"binary-expr","locations":[{"start":{"line":48,"column":10},"end":{"line":48,"column":45}},{"start":{"line":49,"column":10},"end":{"line":49,"column":56}}],"line":48}},"s":{"0":1,"1":2,"2":2,"3":2,"4":2,"5":2,"6":0,"7":0,"8":2,"9":0,"10":0,"11":2},"f":{"0":2,"1":2,"2":2,"3":0,"4":0,"5":0,"6":0,"7":2},"b":{"0":[2,0]},"_coverageSchema":"1a1c01bbd47fc00a2c39e90264f33305004495a9","hash":"d8623a0895bd8aeafff9825552eaa7eeeaa8f674"}
,"/Users/jaydkumar/HackReactor/hrsf132-front-end-capstone/src/components/HomePage.jsx": {"path":"/Users/jaydkumar/HackReactor/hrsf132-front-end-capstone/src/components/HomePage.jsx","statementMap":{"0":{"start":{"line":4,"column":21},"end":{"line":9,"column":1}},"1":{"start":{"line":11,"column":19},"end":{"line":16,"column":1}},"2":{"start":{"line":18,"column":31},"end":{"line":23,"column":1}},"3":{"start":{"line":25,"column":19},"end":{"line":29,"column":1}},"4":{"start":{"line":31,"column":24},"end":{"line":39,"column":1}},"5":{"start":{"line":41,"column":17},"end":{"line":91,"column":1}},"6":{"start":{"line":42,"column":2},"end":{"line":90,"column":17}},"7":{"start":{"line":51,"column":25},"end":{"line":51,"column":46}},"8":{"start":{"line":71,"column":25},"end":{"line":71,"column":47}}},"fnMap":{"0":{"name":"(anonymous_0)","decl":{"start":{"line":41,"column":17},"end":{"line":41,"column":18}},"loc":{"start":{"line":42,"column":2},"end":{"line":90,"column":17}},"line":42},"1":{"name":"(anonymous_1)","decl":{"start":{"line":51,"column":19},"end":{"line":51,"column":20}},"loc":{"start":{"line":51,"column":25},"end":{"line":51,"column":46}},"line":51},"2":{"name":"(anonymous_2)","decl":{"start":{"line":71,"column":19},"end":{"line":71,"column":20}},"loc":{"start":{"line":71,"column":25},"end":{"line":71,"column":47}},"line":71}},"branchMap":{},"s":{"0":1,"1":1,"2":1,"3":1,"4":1,"5":1,"6":0,"7":0,"8":0},"f":{"0":0,"1":0,"2":0},"b":{},"_coverageSchema":"1a1c01bbd47fc00a2c39e90264f33305004495a9","hash":"230f14bdf1bbe45fa6f9d10c0a69dac7a0240659"}
}
