TN:
SF:src/components/App.jsx
FN:8,(anonymous_0)
FN:17,(anonymous_1)
FN:21,(anonymous_2)
FN:25,(anonymous_3)
FN:28,(anonymous_4)
FN:33,(anonymous_5)
FN:39,(anonymous_6)
FN:44,(anonymous_7)
FNF:8
FNH:4
FNDA:2,(anonymous_0)
FNDA:2,(anonymous_1)
FNDA:2,(anonymous_2)
FNDA:0,(anonymous_3)
FNDA:0,(anonymous_4)
FNDA:0,(anonymous_5)
FNDA:0,(anonymous_6)
FNDA:2,(anonymous_7)
DA:5,1
DA:9,2
DA:10,2
DA:18,2
DA:22,2
DA:24,2
DA:26,0
DA:29,0
DA:32,2
DA:34,0
DA:40,0
DA:45,2
LF:12
LH:8
BRDA:48,0,0,2
BRDA:48,0,1,0
BRF:2
BRH:1
end_of_record
TN:
SF:src/components/HomePage.jsx
FN:41,(anonymous_0)
FN:51,(anonymous_1)
FN:71,(anonymous_2)
FNF:3
FNH:0
FNDA:0,(anonymous_0)
FNDA:0,(anonymous_1)
FNDA:0,(anonymous_2)
DA:4,1
DA:11,1
DA:18,1
DA:25,1
DA:31,1
DA:41,1
DA:42,0
DA:51,0
DA:71,0
LF:9
LH:6
BRF:0
BRH:0
end_of_record
